07:22:13.575 [main] INFO  testCases.TC_001_AccountRegistrationTest - Providing customer details....
07:22:17.134 [main] INFO  testCases.TC_001_AccountRegistrationTest - Clicked on Continue button..
07:22:17.283 [main] INFO  testCases.TC_001_AccountRegistrationTest - test passed
07:22:17.302 [main] INFO  testCases.TC_001_AccountRegistrationTest - *********** Finished TC_001_AccountRegistrationTest    *********
07:22:17.356 [main] INFO  testCases.TC_001_AccountRegistrationTest - Closing application...
07:22:17.556 [main] INFO  testCases.TC_002_LoginTest - Launching Chrome Browser..
07:22:19.542 [main] INFO  testCases.TC_002_LoginTest - Starting TC_002_LoginTest.....
07:22:21.147 [main] INFO  testCases.TC_002_LoginTest - Finished TC_002_LoginTest.....
07:22:21.147 [main] INFO  testCases.TC_002_LoginTest - Closing application...
07:26:13.306 [main] INFO  testCases.TC_001_AccountRegistrationTest - Launching Chrome Browser..
07:26:17.213 [main] INFO  testCases.TC_001_AccountRegistrationTest - *********** starting TC_001_AccountRegistrationTest    *********
07:26:17.454 [main] INFO  testCases.TC_001_AccountRegistrationTest - Clicked on My Account link
07:26:18.002 [main] INFO  testCases.TC_001_AccountRegistrationTest - Clicked on Registerlink
07:26:18.015 [main] INFO  testCases.TC_001_AccountRegistrationTest - Providing customer details....
07:26:21.675 [main] INFO  testCases.TC_001_AccountRegistrationTest - Clicked on Continue button..
07:26:21.795 [main] INFO  testCases.TC_001_AccountRegistrationTest - test passed
07:26:21.798 [main] INFO  testCases.TC_001_AccountRegistrationTest - *********** Finished TC_001_AccountRegistrationTest    *********
07:26:21.830 [main] INFO  testCases.TC_001_AccountRegistrationTest - Closing application...
07:26:22.070 [main] INFO  testCases.TC_002_LoginTest - Launching Chrome Browser..
07:26:24.168 [main] INFO  testCases.TC_002_LoginTest - Starting TC_002_LoginTest.....
07:26:25.682 [main] INFO  testCases.TC_002_LoginTest - Finished TC_002_LoginTest.....
07:26:25.698 [main] INFO  testCases.TC_002_LoginTest - Closing application...
07:26:59.274 [main] INFO  testCases.TC_001_AccountRegistrationTest - Launching Chrome Browser..
07:27:03.098 [main] INFO  testCases.TC_001_AccountRegistrationTest - *********** starting TC_001_AccountRegistrationTest    *********
07:27:03.312 [main] INFO  testCases.TC_001_AccountRegistrationTest - Clicked on My Account link
07:27:03.889 [main] INFO  testCases.TC_001_AccountRegistrationTest - Clicked on Registerlink
07:27:03.895 [main] INFO  testCases.TC_001_AccountRegistrationTest - Providing customer details....
07:27:07.487 [main] INFO  testCases.TC_001_AccountRegistrationTest - Clicked on Continue button..
07:27:07.601 [main] INFO  testCases.TC_001_AccountRegistrationTest - test passed
07:27:07.609 [main] INFO  testCases.TC_001_AccountRegistrationTest - *********** Finished TC_001_AccountRegistrationTest    *********
07:27:07.633 [main] INFO  testCases.TC_001_AccountRegistrationTest - Closing application...
07:27:07.881 [main] INFO  testCases.TC_002_LoginTest - Launching Chrome Browser..
07:27:10.111 [main] INFO  testCases.TC_002_LoginTest - Starting TC_002_LoginTest.....
07:27:11.784 [main] INFO  testCases.TC_002_LoginTest - Finished TC_002_LoginTest.....
07:27:11.799 [main] INFO  testCases.TC_002_LoginTest - Closing application...
07:30:05.896 [main] INFO  testCases.TC_001_AccountRegistrationTest - Launching Chrome Browser..
07:30:10.171 [main] INFO  testCases.TC_001_AccountRegistrationTest - *********** starting TC_001_AccountRegistrationTest    *********
07:30:10.464 [main] INFO  testCases.TC_001_AccountRegistrationTest - Clicked on My Account link
07:30:11.047 [main] INFO  testCases.TC_001_AccountRegistrationTest - Clicked on Registerlink
07:30:11.061 [main] INFO  testCases.TC_001_AccountRegistrationTest - Providing customer details....
07:30:14.680 [main] INFO  testCases.TC_001_AccountRegistrationTest - Clicked on Continue button..
07:30:14.808 [main] INFO  testCases.TC_001_AccountRegistrationTest - test passed
07:30:14.824 [main] INFO  testCases.TC_001_AccountRegistrationTest - *********** Finished TC_001_AccountRegistrationTest    *********
07:30:14.871 [main] INFO  testCases.TC_001_AccountRegistrationTest - Closing application...
07:30:15.234 [main] INFO  testCases.TC_002_LoginTest - Launching Chrome Browser..
07:30:17.410 [main] INFO  testCases.TC_002_LoginTest - Starting TC_002_LoginTest.....
07:30:19.078 [main] INFO  testCases.TC_002_LoginTest - Finished TC_002_LoginTest.....
07:30:19.078 [main] INFO  testCases.TC_002_LoginTest - Closing application...
