07:02:17.426 [main] INFO  testCases.TC_001_AccountRegistrationTest - *********** Finished TC_001_AccountRegistrationTest    *********
07:02:17.465 [main] INFO  testCases.TC_001_AccountRegistrationTest - Closing application...
07:02:17.778 [main] INFO  testCases.TC_002_LoginTest - Launching Chrome Browser..
07:02:19.773 [main] INFO  testCases.TC_002_LoginTest - Starting TC_002_LoginTest.....
07:02:21.431 [main] INFO  testCases.TC_002_LoginTest - Finished TC_002_LoginTest.....
07:02:21.436 [main] INFO  testCases.TC_002_LoginTest - Closing application...
07:48:08.534 [main] INFO  testCases.TC_003_LoginDataDrivenTest - Launching Chrome Browser..
07:48:15.642 [main] INFO  testCases.TC_003_LoginDataDrivenTest - Starting TC_003_DataDrivenTest.......
07:48:18.139 [main] INFO  testCases.TC_003_LoginDataDrivenTest - Finishing TC_003_DataDrivenTest.......
07:48:18.185 [main] INFO  testCases.TC_003_LoginDataDrivenTest - Starting TC_003_DataDrivenTest.......
07:48:29.627 [main] INFO  testCases.TC_003_LoginDataDrivenTest - Finishing TC_003_DataDrivenTest.......
07:48:29.627 [main] INFO  testCases.TC_003_LoginDataDrivenTest - Starting TC_003_DataDrivenTest.......
07:48:40.943 [main] INFO  testCases.TC_003_LoginDataDrivenTest - Finishing TC_003_DataDrivenTest.......
07:48:40.957 [main] INFO  testCases.TC_003_LoginDataDrivenTest - Starting TC_003_DataDrivenTest.......
07:48:52.062 [main] INFO  testCases.TC_003_LoginDataDrivenTest - Finishing TC_003_DataDrivenTest.......
07:48:52.078 [main] INFO  testCases.TC_003_LoginDataDrivenTest - Starting TC_003_DataDrivenTest.......
07:48:53.691 [main] INFO  testCases.TC_003_LoginDataDrivenTest - Finishing TC_003_DataDrivenTest.......
07:48:53.706 [main] INFO  testCases.TC_003_LoginDataDrivenTest - Closing application...
07:51:09.992 [main] INFO  testCases.TC_003_LoginDataDrivenTest - Launching Chrome Browser..
07:51:16.020 [main] INFO  testCases.TC_003_LoginDataDrivenTest - Starting TC_003_DataDrivenTest.......
07:51:18.063 [main] INFO  testCases.TC_003_LoginDataDrivenTest - Finishing TC_003_DataDrivenTest.......
07:51:18.114 [main] INFO  testCases.TC_003_LoginDataDrivenTest - Starting TC_003_DataDrivenTest.......
07:51:29.304 [main] INFO  testCases.TC_003_LoginDataDrivenTest - Finishing TC_003_DataDrivenTest.......
07:51:29.320 [main] INFO  testCases.TC_003_LoginDataDrivenTest - Starting TC_003_DataDrivenTest.......
07:51:40.426 [main] INFO  testCases.TC_003_LoginDataDrivenTest - Finishing TC_003_DataDrivenTest.......
07:51:40.442 [main] INFO  testCases.TC_003_LoginDataDrivenTest - Starting TC_003_DataDrivenTest.......
07:51:51.476 [main] INFO  testCases.TC_003_LoginDataDrivenTest - Finishing TC_003_DataDrivenTest.......
07:51:51.491 [main] INFO  testCases.TC_003_LoginDataDrivenTest - Starting TC_003_DataDrivenTest.......
07:51:53.188 [main] INFO  testCases.TC_003_LoginDataDrivenTest - Finishing TC_003_DataDrivenTest.......
07:51:53.222 [main] INFO  testCases.TC_003_LoginDataDrivenTest - Closing application...
08:03:38.768 [main] INFO  testCases.TC_001_AccountRegistrationTest - Launching Chrome Browser..
08:03:42.421 [main] INFO  testCases.TC_001_AccountRegistrationTest - *********** starting TC_001_AccountRegistrationTest    *********
08:03:42.700 [main] INFO  testCases.TC_001_AccountRegistrationTest - Clicked on My Account link
08:03:43.412 [main] INFO  testCases.TC_001_AccountRegistrationTest - Clicked on Registerlink
08:03:43.433 [main] INFO  testCases.TC_001_AccountRegistrationTest - Providing customer details....
08:03:47.033 [main] INFO  testCases.TC_001_AccountRegistrationTest - Clicked on Continue button..
08:03:47.137 [main] INFO  testCases.TC_001_AccountRegistrationTest - test passed
08:03:47.137 [main] INFO  testCases.TC_001_AccountRegistrationTest - *********** Finished TC_001_AccountRegistrationTest    *********
08:03:47.190 [main] INFO  testCases.TC_001_AccountRegistrationTest - Closing application...
08:03:47.583 [main] INFO  testCases.TC_002_LoginTest - Launching Chrome Browser..
08:03:49.906 [main] INFO  testCases.TC_002_LoginTest - Starting TC_002_LoginTest.....
08:03:51.588 [main] INFO  testCases.TC_002_LoginTest - Finished TC_002_LoginTest.....
08:03:51.606 [main] INFO  testCases.TC_002_LoginTest - Closing application...
08:04:22.086 [main] INFO  testCases.TC_002_LoginTest - Launching Chrome Browser..
08:04:25.861 [main] INFO  testCases.TC_002_LoginTest - Starting TC_002_LoginTest.....
08:04:27.684 [main] INFO  testCases.TC_002_LoginTest - Finished TC_002_LoginTest.....
08:04:27.724 [main] INFO  testCases.TC_002_LoginTest - Closing application...
08:04:54.333 [main] INFO  testCases.TC_001_AccountRegistrationTest - Launching Chrome Browser..
08:04:58.550 [main] INFO  testCases.TC_001_AccountRegistrationTest - *********** starting TC_001_AccountRegistrationTest    *********
08:04:58.919 [main] INFO  testCases.TC_001_AccountRegistrationTest - Clicked on My Account link
08:04:59.555 [main] INFO  testCases.TC_001_AccountRegistrationTest - Clicked on Registerlink
