06:45:02.947 [main] INFO  testCases.TC_001_AccountRegistrationTest - *********** starting TC_001_AccountRegistrationTest    *********
06:45:03.124 [main] INFO  testCases.TC_001_AccountRegistrationTest - Clicked on My Account link
06:45:03.681 [main] INFO  testCases.TC_001_AccountRegistrationTest - Clicked on Registerlink
06:45:03.694 [main] INFO  testCases.TC_001_AccountRegistrationTest - Providing customer details....
06:45:07.237 [main] INFO  testCases.TC_001_AccountRegistrationTest - Clicked on Continue button..
06:45:07.367 [main] INFO  testCases.TC_001_AccountRegistrationTest - test passed
06:45:07.368 [main] INFO  testCases.TC_001_AccountRegistrationTest - *********** Finished TC_001_AccountRegistrationTest    *********
06:45:07.376 [main] INFO  testCases.TC_001_AccountRegistrationTest - Closing application...
07:02:11.220 [main] INFO  testCases.TC_001_AccountRegistrationTest - Launching Chrome Browser..
07:02:15.963 [main] INFO  testCases.TC_001_AccountRegistrationTest - *********** starting TC_001_AccountRegistrationTest    *********
07:02:16.234 [main] INFO  testCases.TC_001_AccountRegistrationTest - Clicked on My Account link
07:02:16.846 [main] INFO  testCases.TC_001_AccountRegistrationTest - Clicked on Registerlink
07:02:16.854 [main] INFO  testCases.TC_001_AccountRegistrationTest - Providing customer details....
07:02:20.599 [main] INFO  testCases.TC_001_AccountRegistrationTest - Clicked on Continue button..
07:02:20.729 [main] INFO  testCases.TC_001_AccountRegistrationTest - test passed
07:02:20.729 [main] INFO  testCases.TC_001_AccountRegistrationTest - *********** Finished TC_001_AccountRegistrationTest    *********
07:02:20.779 [main] INFO  testCases.TC_001_AccountRegistrationTest - Closing application...
07:02:21.178 [main] INFO  testCases.TC_002_LoginTest - Launching Chrome Browser..
07:02:23.612 [main] INFO  testCases.TC_002_LoginTest - Starting TC_002_LoginTest.....
07:02:25.230 [main] INFO  testCases.TC_002_LoginTest - Finished TC_002_LoginTest.....
07:02:25.230 [main] INFO  testCases.TC_002_LoginTest - Closing application...
07:04:30.385 [main] INFO  testCases.TC_001_AccountRegistrationTest - Launching Chrome Browser..
07:04:34.267 [main] INFO  testCases.TC_001_AccountRegistrationTest - *********** starting TC_001_AccountRegistrationTest    *********
07:04:34.622 [main] INFO  testCases.TC_001_AccountRegistrationTest - Clicked on My Account link
07:04:35.193 [main] INFO  testCases.TC_001_AccountRegistrationTest - Clicked on Registerlink
07:04:35.201 [main] INFO  testCases.TC_001_AccountRegistrationTest - Providing customer details....
07:04:38.761 [main] INFO  testCases.TC_001_AccountRegistrationTest - Clicked on Continue button..
07:04:38.886 [main] INFO  testCases.TC_001_AccountRegistrationTest - test passed
07:04:38.888 [main] INFO  testCases.TC_001_AccountRegistrationTest - *********** Finished TC_001_AccountRegistrationTest    *********
07:04:38.922 [main] INFO  testCases.TC_001_AccountRegistrationTest - Closing application...
07:04:39.334 [main] INFO  testCases.TC_002_LoginTest - Launching Chrome Browser..
07:04:41.374 [main] INFO  testCases.TC_002_LoginTest - Starting TC_002_LoginTest.....
07:04:42.988 [main] INFO  testCases.TC_002_LoginTest - Finished TC_002_LoginTest.....
07:04:42.988 [main] INFO  testCases.TC_002_LoginTest - Closing application...
07:18:57.053 [main] INFO  testCases.TC_001_AccountRegistrationTest - Launching Chrome Browser..
07:19:01.899 [main] INFO  testCases.TC_001_AccountRegistrationTest - *********** starting TC_001_AccountRegistrationTest    *********
07:19:02.205 [main] INFO  testCases.TC_001_AccountRegistrationTest - Clicked on My Account link
07:19:02.817 [main] INFO  testCases.TC_001_AccountRegistrationTest - Clicked on Registerlink
07:19:02.832 [main] INFO  testCases.TC_001_AccountRegistrationTest - Providing customer details....
07:19:06.415 [main] INFO  testCases.TC_001_AccountRegistrationTest - Clicked on Continue button..
07:19:06.543 [main] INFO  testCases.TC_001_AccountRegistrationTest - test passed
07:19:06.550 [main] INFO  testCases.TC_001_AccountRegistrationTest - *********** Finished TC_001_AccountRegistrationTest    *********
07:19:06.590 [main] INFO  testCases.TC_001_AccountRegistrationTest - Closing application...
07:19:06.810 [main] INFO  testCases.TC_002_LoginTest - Launching Chrome Browser..
07:19:08.958 [main] INFO  testCases.TC_002_LoginTest - Starting TC_002_LoginTest.....
07:19:10.756 [main] INFO  testCases.TC_002_LoginTest - Finished TC_002_LoginTest.....
07:19:10.773 [main] INFO  testCases.TC_002_LoginTest - Closing application...
07:22:08.700 [main] INFO  testCases.TC_001_AccountRegistrationTest - Launching Chrome Browser..
07:22:12.665 [main] INFO  testCases.TC_001_AccountRegistrationTest - *********** starting TC_001_AccountRegistrationTest    *********
07:22:12.937 [main] INFO  testCases.TC_001_AccountRegistrationTest - Clicked on My Account link
07:22:13.552 [main] INFO  testCases.TC_001_AccountRegistrationTest - Clicked on Registerlink
